2025-07-29 22:18:09,575 [INFO] Обработка папки: 39cfb98d-5058-4798-bd90-882ea34a891a
2025-07-29 22:18:16,772 [INFO] Попытка получения профилей.
2025-07-29 22:18:19,717 [INFO] Получен профиль с id: 98bcda06-ebc8-411f-925d-7fcd30b4595c, со страной: CL
2025-07-29 22:18:19,759 [INFO] Получен профиль с id: a96f4961-81f4-48bc-82ed-5d986d1d6aa8, со страной: CL
2025-07-29 22:18:19,811 [INFO] Получен профиль с id: ef95132f-79bc-447c-b84a-a9831af4d193, со страной: CL
2025-07-29 22:18:42,063 [INFO] Обработка батча 1/1.
2025-07-29 22:19:17,029 [INFO] Обработка папки: 39cfb98d-5058-4798-bd90-882ea34a891a
2025-07-29 22:19:17,035 [INFO] Попытка получения профилей.
2025-07-29 22:19:17,215 [INFO] Получен профиль с id: c665a99f-7859-4ea6-8f05-608e48a7cc91, со страной: CL
2025-07-29 22:19:21,540 [INFO] Обработка батча 1/1.
2025-07-29 22:19:29,988 [INFO] Получен список прокси для 39cfb98d-5058-4798-bd90-882ea34a891a
2025-07-29 22:19:53,788 [INFO] В Vision уже добавлены geonix|API прокси для страны CL
2025-07-29 22:20:09,827 [INFO] К профилю c665a99f-7859-4ea6-8f05-608e48a7cc91 успешно добавлены прокси
2025-07-29 22:26:26,935 [INFO] Обработка папки: 39cfb98d-5058-4798-bd90-882ea34a891a
2025-07-29 22:26:26,943 [INFO] Попытка получения профилей.
2025-07-29 22:26:27,259 [INFO] Получен профиль с id: 943773de-d203-4d3e-9d7e-ed9a85bc5be6, со страной: CL
2025-07-29 22:26:27,264 [INFO] Обработка батча 1/1.
2025-07-29 22:26:30,047 [INFO] Получен список прокси для 39cfb98d-5058-4798-bd90-882ea34a891a
2025-07-29 22:26:31,744 [INFO] В Vision уже добавлены geonix|API прокси для страны CL
2025-07-29 22:26:33,485 [INFO] К профилю 943773de-d203-4d3e-9d7e-ed9a85bc5be6 успешно добавлены прокси
2025-07-29 22:30:18,580 [INFO] Обработка папки: 39cfb98d-5058-4798-bd90-882ea34a891a
2025-07-29 22:30:18,585 [INFO] Попытка получения профилей.
2025-07-29 22:30:18,763 [INFO] Получен профиль с id: a8f9b276-5b77-4862-bf0b-d4471d0bec27, со страной: CL
2025-07-29 22:30:18,767 [INFO] Обработка батча 1/1.
2025-07-29 22:30:19,205 [INFO] Получен список прокси для 39cfb98d-5058-4798-bd90-882ea34a891a
2025-07-29 22:30:21,872 [INFO] В Vision уже добавлены geonix|API прокси для страны CL
2025-07-29 22:30:24,087 [INFO] К профилю a8f9b276-5b77-4862-bf0b-d4471d0bec27 успешно добавлены прокси
2025-07-29 22:30:36,364 [ERROR] Ошибка: Proxy error: Timeout, при обработке профиля: a8f9b276-5b77-4862-bf0b-d4471d0bec27, внутри папки: 39cfb98d-5058-4798-bd90-882ea34a891a
2025-07-29 22:30:36,365 [INFO] Ошибка прокси. Перезапуск профиля с новыми прокси.
2025-07-29 22:30:36,551 [INFO] К профилю a8f9b276-5b77-4862-bf0b-d4471d0bec27 успешно добавлены прокси
2025-07-29 22:30:43,965 [INFO] Запущен профиль: a8f9b276-5b77-4862-bf0b-d4471d0bec27 в папке: 39cfb98d-5058-4798-bd90-882ea34a891a
2025-07-29 22:30:51,233 [INFO] Обработка папки: 39cfb98d-5058-4798-bd90-882ea34a891a
2025-07-29 22:30:51,242 [INFO] Попытка получения профилей.
2025-07-29 22:30:51,448 [INFO] Получен профиль с id: 32d9585e-a4b8-4e06-babc-585db53079f0, со страной: CR
2025-07-29 22:46:08,507 [INFO] Обработка папки: 39cfb98d-5058-4798-bd90-882ea34a891a
2025-07-29 22:46:08,515 [INFO] Попытка получения профилей.
2025-07-29 22:46:08,816 [INFO] Получен профиль с id: 21a3e3b7-fc62-4923-84b5-dfc9251107da, со страной: ES
2025-07-29 22:46:11,692 [INFO] Обработка батча 1/1.
2025-07-29 22:46:12,171 [INFO] Получен список прокси для 39cfb98d-5058-4798-bd90-882ea34a891a
2025-07-29 22:46:12,179 [INFO] В Vision уже добавлены geonix|API прокси для страны ES
2025-07-29 22:46:12,414 [INFO] К профилю 21a3e3b7-fc62-4923-84b5-dfc9251107da успешно добавлены прокси
2025-07-29 22:46:18,040 [INFO] Запущен профиль: 21a3e3b7-fc62-4923-84b5-dfc9251107da в папке: 39cfb98d-5058-4798-bd90-882ea34a891a
2025-07-29 22:46:34,241 [WARNING] [1/3] Элемент не найден: span#TotalAds
2025-07-29 22:46:58,271 [INFO] Обработка папки: 39cfb98d-5058-4798-bd90-882ea34a891a
2025-07-29 22:46:58,277 [INFO] Попытка получения профилей.
2025-07-29 22:46:58,457 [INFO] Получен профиль с id: 4acb56f2-2f25-46ff-b436-542e0ae3d40f, со страной: ES
2025-07-29 22:46:58,464 [INFO] Обработка батча 1/1.
2025-07-29 22:46:58,874 [INFO] Получен список прокси для 39cfb98d-5058-4798-bd90-882ea34a891a
2025-07-29 22:46:58,879 [INFO] В Vision уже добавлены geonix|API прокси для страны ES
2025-07-29 22:46:59,057 [INFO] К профилю 4acb56f2-2f25-46ff-b436-542e0ae3d40f успешно добавлены прокси
2025-07-29 22:47:03,189 [INFO] Запущен профиль: 4acb56f2-2f25-46ff-b436-542e0ae3d40f в папке: 39cfb98d-5058-4798-bd90-882ea34a891a
